2025-10-06 12:12:20,129 - __main__ - INFO - Using basic authentication for user: elastic
2025-10-06 12:12:20,133 - elastic_transport.transport - INFO - HEAD http://10.0.5.97:9200/ [status:200 duration:0.002s]
2025-10-06 12:12:20,134 - elastic_transport.transport - INFO - GET http://10.0.5.97:9200/ [status:200 duration:0.001s]
2025-10-06 12:12:20,135 - __main__ - INFO - Connected to Elasticsearch cluster: node-1 (version: 8.14.0)
2025-10-06 12:12:20,135 - __main__ - INFO - Output directory created/verified: /opt/ingest_pipeline_prep_file
2025-10-06 12:12:20,135 - __main__ - INFO - Fetching all ingest pipelines from Elasticsearch...
2025-10-06 12:12:20,165 - elastic_transport.transport - INFO - GET http://10.0.5.97:9200/_ingest/pipeline/* [status:200 duration:0.030s]
2025-10-06 12:12:20,188 - __main__ - INFO - Found 168 Filebeat pipeline(s) out of 256 total pipelines
2025-10-06 12:12:20,189 - __main__ - INFO - Saving 168 Filebeat pipeline(s) to /opt/ingest_pipeline_prep_file
2025-10-06 12:12:20,190 - __main__ - INFO - Filebeat pipeline saved: [elasticsearch_deprecation.json] = "filebeat-8.14.0-elasticsearch-deprecation-pipeline"
2025-10-06 12:12:20,190 - __main__ - INFO - Filebeat pipeline saved: [zeek_tunnel.json] = "filebeat-8.14.0-zeek-tunnel-pipeline"
2025-10-06 12:12:20,191 - __main__ - INFO - Filebeat pipeline saved: [threatintel_otx.json] = "filebeat-8.14.0-threatintel-otx-pipeline"
2025-10-06 12:12:20,192 - __main__ - INFO - Filebeat pipeline saved: [filebeat_8_14_0_envoyproxy_log_pipeline_plaintext.json] = "filebeat-8.14.0-envoyproxy-log-pipeline-plaintext"
2025-10-06 12:12:20,192 - __main__ - INFO - Filebeat pipeline saved: [zeek_ocsp.json] = "filebeat-8.14.0-zeek-ocsp-pipeline"
2025-10-06 12:12:20,193 - __main__ - INFO - Filebeat pipeline saved: [zeek_smb_mapping.json] = "filebeat-8.14.0-zeek-smb_mapping-pipeline"
2025-10-06 12:12:20,194 - __main__ - INFO - Filebeat pipeline saved: [threatintel_threatq.json] = "filebeat-8.14.0-threatintel-threatq-pipeline"
2025-10-06 12:12:20,194 - __main__ - INFO - Filebeat pipeline saved: [zeek_capture_loss.json] = "filebeat-8.14.0-zeek-capture_loss-pipeline"
2025-10-06 12:12:20,195 - __main__ - INFO - Filebeat pipeline saved: [logstash_log.json] = "filebeat-8.14.0-logstash-log-pipeline"
2025-10-06 12:12:20,195 - __main__ - INFO - Filebeat pipeline saved: [logstash_slowlog.json] = "filebeat-8.14.0-logstash-slowlog-pipeline"
2025-10-06 12:12:20,196 - __main__ - INFO - Filebeat pipeline saved: [osquery_result.json] = "filebeat-8.14.0-osquery-result-pipeline"
2025-10-06 12:12:20,196 - __main__ - INFO - Filebeat pipeline saved: [elasticsearch_slowlog.json] = "filebeat-8.14.0-elasticsearch-slowlog-pipeline"
2025-10-06 12:12:20,197 - __main__ - INFO - Filebeat pipeline saved: [redis_log.json] = "filebeat-8.14.0-redis-log-pipeline"
2025-10-06 12:12:20,197 - __main__ - INFO - Filebeat pipeline saved: [redis_slowlog.json] = "filebeat-8.14.0-redis-slowlog-pipeline"
2025-10-06 12:12:20,198 - __main__ - INFO - Filebeat pipeline saved: [cef_log_cp.json] = "filebeat-8.14.0-cef-log-cp-pipeline"
2025-10-06 12:12:20,199 - __main__ - INFO - Filebeat pipeline saved: [aws_elb.json] = "filebeat-8.14.0-aws-elb-pipeline"
2025-10-06 12:12:20,199 - __main__ - INFO - Filebeat pipeline saved: [zeek_files.json] = "filebeat-8.14.0-zeek-files-pipeline"
2025-10-06 12:12:20,200 - __main__ - INFO - Filebeat pipeline saved: [snyk_audit.json] = "filebeat-8.14.0-snyk-audit-pipeline"
2025-10-06 12:12:20,200 - __main__ - INFO - Filebeat pipeline saved: [filebeat_8_14_0_elasticsearch_slowlog_pipeline_json.json] = "filebeat-8.14.0-elasticsearch-slowlog-pipeline-json"
2025-10-06 12:12:20,201 - __main__ - INFO - Filebeat pipeline saved: [zeek_ntlm.json] = "filebeat-8.14.0-zeek-ntlm-pipeline"
2025-10-06 12:12:20,202 - __main__ - INFO - Filebeat pipeline saved: [threatintel_anomali.json] = "filebeat-8.14.0-threatintel-anomali-pipeline"
2025-10-06 12:12:20,202 - __main__ - INFO - Filebeat pipeline saved: [zeek_traceroute.json] = "filebeat-8.14.0-zeek-traceroute-pipeline"
2025-10-06 12:12:20,203 - __main__ - INFO - Filebeat pipeline saved: [filebeat_8_14_0_envoyproxy_log_pipeline_http.json] = "filebeat-8.14.0-envoyproxy-log-pipeline-http"
2025-10-06 12:12:20,205 - __main__ - INFO - Filebeat pipeline saved: [okta_system.json] = "filebeat-8.14.0-okta-system-pipeline"
2025-10-06 12:12:20,206 - __main__ - INFO - Filebeat pipeline saved: [threatintel_abusemalware.json] = "filebeat-8.14.0-threatintel-abusemalware-pipeline"
2025-10-06 12:12:20,207 - __main__ - INFO - Filebeat pipeline saved: [microsoft_defender_atp.json] = "filebeat-8.14.0-microsoft-defender_atp-pipeline"
2025-10-06 12:12:20,208 - __main__ - INFO - Filebeat pipeline saved: [system_auth.json] = "filebeat-8.14.0-system-auth-pipeline"
2025-10-06 12:12:20,208 - __main__ - INFO - Filebeat pipeline saved: [elasticsearch_server.json] = "filebeat-8.14.0-elasticsearch-server-pipeline"
2025-10-06 12:12:20,209 - __main__ - INFO - Filebeat pipeline saved: [filebeat_8_14_0_logstash_log_pipeline_json.json] = "filebeat-8.14.0-logstash-log-pipeline-json"
2025-10-06 12:12:20,209 - __main__ - INFO - Filebeat pipeline saved: [mssql_log.json] = "filebeat-8.14.0-mssql-log-pipeline"
2025-10-06 12:12:20,210 - __main__ - INFO - Filebeat pipeline saved: [azure_signinlogs.json] = "filebeat-8.14.0-azure-signinlogs-pipeline"
2025-10-06 12:12:20,211 - __main__ - INFO - Filebeat pipeline saved: [kafka_log.json] = "filebeat-8.14.0-kafka-log-pipeline"
2025-10-06 12:12:20,212 - __main__ - INFO - Filebeat pipeline saved: [zeek_mysql.json] = "filebeat-8.14.0-zeek-mysql-pipeline"
2025-10-06 12:12:20,212 - __main__ - INFO - Filebeat pipeline saved: [misp_threat.json] = "filebeat-8.14.0-misp-threat-pipeline"
2025-10-06 12:12:20,213 - __main__ - INFO - Filebeat pipeline saved: [azure_platformlogs.json] = "filebeat-8.14.0-azure-platformlogs-pipeline"
2025-10-06 12:12:20,213 - __main__ - INFO - Filebeat pipeline saved: [zeek_sip.json] = "filebeat-8.14.0-zeek-sip-pipeline"
2025-10-06 12:12:20,214 - __main__ - INFO - Filebeat pipeline saved: [zoom_webhook.json] = "filebeat-8.14.0-zoom-webhook-pipeline"
2025-10-06 12:12:20,214 - __main__ - INFO - Filebeat pipeline saved: [cef_log_fp.json] = "filebeat-8.14.0-cef-log-fp-pipeline"
2025-10-06 12:12:20,215 - __main__ - INFO - Filebeat pipeline saved: [nginx_ingress_controller.json] = "filebeat-8.14.0-nginx-ingress_controller-pipeline"
2025-10-06 12:12:20,216 - __main__ - INFO - Filebeat pipeline saved: [cisco_umbrella.json] = "filebeat-8.14.0-cisco-umbrella-pipeline"
2025-10-06 12:12:20,217 - __main__ - INFO - Filebeat pipeline saved: [zookeeper_log.json] = "filebeat-8.14.0-zookeeper-log-pipeline"
2025-10-06 12:12:20,218 - __main__ - INFO - Filebeat pipeline saved: [aws_s3access.json] = "filebeat-8.14.0-aws-s3access-pipeline"
2025-10-06 12:12:20,218 - __main__ - INFO - Filebeat pipeline saved: [zeek_socks.json] = "filebeat-8.14.0-zeek-socks-pipeline"
2025-10-06 12:12:20,219 - __main__ - INFO - Filebeat pipeline saved: [filebeat_8_14_0_elasticsearch_server_pipeline_plaintext.json] = "filebeat-8.14.0-elasticsearch-server-pipeline-plaintext"
2025-10-06 12:12:20,219 - __main__ - INFO - Filebeat pipeline saved: [filebeat_8_14_0_coredns_log_pipeline_json.json] = "filebeat-8.14.0-coredns-log-pipeline-json"
2025-10-06 12:12:20,220 - __main__ - INFO - Filebeat pipeline saved: [nats_log.json] = "filebeat-8.14.0-nats-log-pipeline"
2025-10-06 12:12:20,220 - __main__ - INFO - Filebeat pipeline saved: [zeek_smtp.json] = "filebeat-8.14.0-zeek-smtp-pipeline"
2025-10-06 12:12:20,221 - __main__ - INFO - Filebeat pipeline saved: [zeek_pe.json] = "filebeat-8.14.0-zeek-pe-pipeline"
2025-10-06 12:12:20,221 - __main__ - INFO - Filebeat pipeline saved: [iis_error.json] = "filebeat-8.14.0-iis-error-pipeline"
2025-10-06 12:12:20,222 - __main__ - INFO - Filebeat pipeline saved: [icinga_main.json] = "filebeat-8.14.0-icinga-main-pipeline"
2025-10-06 12:12:20,222 - __main__ - INFO - Filebeat pipeline saved: [filebeat_8_14_0_logstash_log_pipeline_plaintext.json] = "filebeat-8.14.0-logstash-log-pipeline-plaintext"
2025-10-06 12:12:20,223 - __main__ - INFO - Filebeat pipeline saved: [zeek_signature.json] = "filebeat-8.14.0-zeek-signature-pipeline"
2025-10-06 12:12:20,223 - __main__ - INFO - Filebeat pipeline saved: [santa_log.json] = "filebeat-8.14.0-santa-log-pipeline"
2025-10-06 12:12:20,224 - __main__ - INFO - Filebeat pipeline saved: [zeek_http.json] = "filebeat-8.14.0-zeek-http-pipeline"
2025-10-06 12:12:20,224 - __main__ - INFO - Filebeat pipeline saved: [filebeat_8_14_0_postgresql_log_pipeline_log.json] = "filebeat-8.14.0-postgresql-log-pipeline-log"
2025-10-06 12:12:20,225 - __main__ - INFO - Filebeat pipeline saved: [zeek_weird.json] = "filebeat-8.14.0-zeek-weird-pipeline"
2025-10-06 12:12:20,225 - __main__ - INFO - Filebeat pipeline saved: [filebeat_8_14_0_envoyproxy_log_pipeline_json.json] = "filebeat-8.14.0-envoyproxy-log-pipeline-json"
2025-10-06 12:12:20,226 - __main__ - INFO - Filebeat pipeline saved: [zeek_snmp.json] = "filebeat-8.14.0-zeek-snmp-pipeline"
2025-10-06 12:12:20,226 - __main__ - INFO - Filebeat pipeline saved: [icinga_startup.json] = "filebeat-8.14.0-icinga-startup-pipeline"
2025-10-06 12:12:20,227 - __main__ - INFO - Filebeat pipeline saved: [crowdstrike_falcon.json] = "filebeat-8.14.0-crowdstrike-falcon-pipeline"
2025-10-06 12:12:20,228 - __main__ - INFO - Filebeat pipeline saved: [filebeat_8_14_0_elasticsearch_audit_pipeline_json.json] = "filebeat-8.14.0-elasticsearch-audit-pipeline-json"
2025-10-06 12:12:20,229 - __main__ - INFO - Filebeat pipeline saved: [elasticsearch_audit.json] = "filebeat-8.14.0-elasticsearch-audit-pipeline"
2025-10-06 12:12:20,229 - __main__ - INFO - Filebeat pipeline saved: [filebeat_8_14_0_elasticsearch_deprecation_pipeline_json_7.json] = "filebeat-8.14.0-elasticsearch-deprecation-pipeline-json-7"
2025-10-06 12:12:20,230 - __main__ - INFO - Filebeat pipeline saved: [pensando_dfw.json] = "filebeat-8.14.0-pensando-dfw-pipeline"
2025-10-06 12:12:20,231 - __main__ - INFO - Filebeat pipeline saved: [filebeat_8_14_0_elasticsearch_deprecation_pipeline_json_8.json] = "filebeat-8.14.0-elasticsearch-deprecation-pipeline-json-8"
2025-10-06 12:12:20,231 - __main__ - INFO - Filebeat pipeline saved: [zeek_intel.json] = "filebeat-8.14.0-zeek-intel-pipeline"
2025-10-06 12:12:20,232 - __main__ - INFO - Filebeat pipeline saved: [o365_audit.json] = "filebeat-8.14.0-o365-audit-pipeline"
2025-10-06 12:12:20,232 - __main__ - INFO - Filebeat pipeline saved: [zeek_connection.json] = "filebeat-8.14.0-zeek-connection-pipeline"
2025-10-06 12:12:20,233 - __main__ - INFO - Filebeat pipeline saved: [aws_cloudwatch.json] = "filebeat-8.14.0-aws-cloudwatch-pipeline"
2025-10-06 12:12:20,233 - __main__ - INFO - Filebeat pipeline saved: [icinga_debug.json] = "filebeat-8.14.0-icinga-debug-pipeline"
2025-10-06 12:12:20,234 - __main__ - INFO - Filebeat pipeline saved: [filebeat_8_14_0_elasticsearch_slowlog_pipeline_plaintext.json] = "filebeat-8.14.0-elasticsearch-slowlog-pipeline-plaintext"
2025-10-06 12:12:20,234 - __main__ - INFO - Filebeat pipeline saved: [mongodb_log.json] = "filebeat-8.14.0-mongodb-log-pipeline"
2025-10-06 12:12:20,235 - __main__ - INFO - Filebeat pipeline saved: [threatintel_malwarebazaar.json] = "filebeat-8.14.0-threatintel-malwarebazaar-pipeline"
2025-10-06 12:12:20,236 - __main__ - INFO - Filebeat pipeline saved: [zeek_modbus.json] = "filebeat-8.14.0-zeek-modbus-pipeline"
2025-10-06 12:12:20,236 - __main__ - INFO - Filebeat pipeline saved: [zeek_ftp.json] = "filebeat-8.14.0-zeek-ftp-pipeline"
2025-10-06 12:12:20,237 - __main__ - INFO - Filebeat pipeline saved: [filebeat_8_14_0_elasticsearch_server_pipeline_json_7.json] = "filebeat-8.14.0-elasticsearch-server-pipeline-json-7"
2025-10-06 12:12:20,237 - __main__ - INFO - Filebeat pipeline saved: [filebeat_8_14_0_elasticsearch_server_pipeline_json_8.json] = "filebeat-8.14.0-elasticsearch-server-pipeline-json-8"
2025-10-06 12:12:20,238 - __main__ - INFO - Filebeat pipeline saved: [zeek_irc.json] = "filebeat-8.14.0-zeek-irc-pipeline"
2025-10-06 12:12:20,238 - __main__ - INFO - Filebeat pipeline saved: [zeek_dnp3.json] = "filebeat-8.14.0-zeek-dnp3-pipeline"
2025-10-06 12:12:20,239 - __main__ - INFO - Filebeat pipeline saved: [threatintel_abuseurl.json] = "filebeat-8.14.0-threatintel-abuseurl-pipeline"
2025-10-06 12:12:20,240 - __main__ - INFO - Filebeat pipeline saved: [salesforce_setupaudittrail.json] = "filebeat-8.14.0-salesforce-setupaudittrail-pipeline"
2025-10-06 12:12:20,240 - __main__ - INFO - Filebeat pipeline saved: [apache_access.json] = "filebeat-8.14.0-apache-access-pipeline"
2025-10-06 12:12:20,241 - __main__ - INFO - Filebeat pipeline saved: [filebeat_8_14_0_logstash_slowlog_pipeline_json.json] = "filebeat-8.14.0-logstash-slowlog-pipeline-json"
2025-10-06 12:12:20,241 - __main__ - INFO - Filebeat pipeline saved: [filebeat_8_14_0_mongodb_log_pipeline_plaintext.json] = "filebeat-8.14.0-mongodb-log-pipeline-plaintext"
2025-10-06 12:12:20,242 - __main__ - INFO - Filebeat pipeline saved: [zeek_dns.json] = "filebeat-8.14.0-zeek-dns-pipeline"
2025-10-06 12:12:20,242 - __main__ - INFO - Filebeat pipeline saved: [zeek_ssh.json] = "filebeat-8.14.0-zeek-ssh-pipeline"
2025-10-06 12:12:20,243 - __main__ - INFO - Filebeat pipeline saved: [traefik_access.json] = "filebeat-8.14.0-traefik-access-pipeline"
2025-10-06 12:12:20,244 - __main__ - INFO - Filebeat pipeline saved: [filebeat_8_14_0_envoyproxy_log_pipeline_entry.json] = "filebeat-8.14.0-envoyproxy-log-pipeline-entry"
2025-10-06 12:12:20,244 - __main__ - INFO - Filebeat pipeline saved: [zeek_stats.json] = "filebeat-8.14.0-zeek-stats-pipeline"
2025-10-06 12:12:20,247 - __main__ - INFO - Filebeat pipeline saved: [cyberarkpas_audit.json] = "filebeat-8.14.0-cyberarkpas-audit-pipeline"
2025-10-06 12:12:20,248 - __main__ - INFO - Filebeat pipeline saved: [zeek_radius.json] = "filebeat-8.14.0-zeek-radius-pipeline"
2025-10-06 12:12:20,249 - __main__ - INFO - Filebeat pipeline saved: [haproxy_log.json] = "filebeat-8.14.0-haproxy-log-pipeline"
2025-10-06 12:12:20,249 - __main__ - INFO - Filebeat pipeline saved: [filebeat_8_14_0_kibana_audit_pipeline_json.json] = "filebeat-8.14.0-kibana-audit-pipeline-json"
2025-10-06 12:12:20,252 - __main__ - INFO - Filebeat pipeline saved: [checkpoint_firewall.json] = "filebeat-8.14.0-checkpoint-firewall-pipeline"
2025-10-06 12:12:20,252 - __main__ - INFO - Filebeat pipeline saved: [zeek_rfb.json] = "filebeat-8.14.0-zeek-rfb-pipeline"
2025-10-06 12:12:20,253 - __main__ - INFO - Filebeat pipeline saved: [zeek_dce_rpc.json] = "filebeat-8.14.0-zeek-dce_rpc-pipeline"
2025-10-06 12:12:20,255 - __main__ - INFO - Filebeat pipeline saved: [panw_panos.json] = "filebeat-8.14.0-panw-panos-pipeline"
2025-10-06 12:12:20,255 - __main__ - INFO - Filebeat pipeline saved: [postgresql_log.json] = "filebeat-8.14.0-postgresql-log-pipeline"
2025-10-06 12:12:20,256 - __main__ - INFO - Filebeat pipeline saved: [zeek_smb_cmd.json] = "filebeat-8.14.0-zeek-smb_cmd-pipeline"
2025-10-06 12:12:20,256 - __main__ - INFO - Filebeat pipeline saved: [filebeat_8_14_0_envoyproxy_log_pipeline_geo_as.json] = "filebeat-8.14.0-envoyproxy-log-pipeline-geo-as"
2025-10-06 12:12:20,264 - __main__ - INFO - Filebeat pipeline saved: [auditd_log.json] = "filebeat-8.14.0-auditd-log-pipeline"
2025-10-06 12:12:20,265 - __main__ - INFO - Filebeat pipeline saved: [iis_access.json] = "filebeat-8.14.0-iis-access-pipeline"
2025-10-06 12:12:20,265 - __main__ - INFO - Filebeat pipeline saved: [aws_vpcflow.json] = "filebeat-8.14.0-aws-vpcflow-pipeline"
2025-10-06 12:12:20,266 - __main__ - INFO - Filebeat pipeline saved: [nginx_access.json] = "filebeat-8.14.0-nginx-access-pipeline"
2025-10-06 12:12:20,267 - __main__ - INFO - Filebeat pipeline saved: [juniper_srx.json] = "filebeat-8.14.0-juniper-srx-pipeline"
2025-10-06 12:12:20,268 - __main__ - INFO - Filebeat pipeline saved: [suricata_eve.json] = "filebeat-8.14.0-suricata-eve-pipeline"
2025-10-06 12:12:20,269 - __main__ - INFO - Filebeat pipeline saved: [filebeat_8_14_0_coredns_log_pipeline_plaintext.json] = "filebeat-8.14.0-coredns-log-pipeline-plaintext"
2025-10-06 12:12:20,269 - __main__ - INFO - Filebeat pipeline saved: [filebeat_8_14_0_elasticsearch_server_pipeline_json.json] = "filebeat-8.14.0-elasticsearch-server-pipeline-json"
2025-10-06 12:12:20,270 - __main__ - INFO - Filebeat pipeline saved: [system_syslog.json] = "filebeat-8.14.0-system-syslog-pipeline"
2025-10-06 12:12:20,270 - __main__ - INFO - Filebeat pipeline saved: [azure_activitylogs_azure_shared.json] = "filebeat-8.14.0-azure-activitylogs-azure-shared-pipeline"
2025-10-06 12:12:20,271 - __main__ - INFO - Filebeat pipeline saved: [zeek_rdp.json] = "filebeat-8.14.0-zeek-rdp-pipeline"
2025-10-06 12:12:20,271 - __main__ - INFO - Filebeat pipeline saved: [activemq_log.json] = "filebeat-8.14.0-activemq-log-pipeline"
2025-10-06 12:12:20,272 - __main__ - INFO - Filebeat pipeline saved: [zeek_dhcp.json] = "filebeat-8.14.0-zeek-dhcp-pipeline"
2025-10-06 12:12:20,272 - __main__ - INFO - Filebeat pipeline saved: [filebeat_8_14_0_kibana_log_pipeline_7.json] = "filebeat-8.14.0-kibana-log-pipeline-7"
2025-10-06 12:12:20,273 - __main__ - INFO - Filebeat pipeline saved: [azure_activitylogs.json] = "filebeat-8.14.0-azure-activitylogs-pipeline"
2025-10-06 12:12:20,274 - __main__ - INFO - Filebeat pipeline saved: [filebeat_8_14_0_logstash_slowlog_pipeline_plaintext.json] = "filebeat-8.14.0-logstash-slowlog-pipeline-plaintext"
2025-10-06 12:12:20,274 - __main__ - INFO - Filebeat pipeline saved: [awsfargate_log.json] = "filebeat-8.14.0-awsfargate-log-pipeline"
2025-10-06 12:12:20,275 - __main__ - INFO - Filebeat pipeline saved: [zeek_x509.json] = "filebeat-8.14.0-zeek-x509-pipeline"
2025-10-06 12:12:20,276 - __main__ - INFO - Filebeat pipeline saved: [azure_signinlogs_azure_shared.json] = "filebeat-8.14.0-azure-signinlogs-azure-shared-pipeline"
2025-10-06 12:12:20,276 - __main__ - INFO - Filebeat pipeline saved: [filebeat_8_14_0_elasticsearch_audit_pipeline_plaintext.json] = "filebeat-8.14.0-elasticsearch-audit-pipeline-plaintext"
2025-10-06 12:12:20,277 - __main__ - INFO - Filebeat pipeline saved: [filebeat_8_14_0_postgresql_log_pipeline_csv.json] = "filebeat-8.14.0-postgresql-log-pipeline-csv"
2025-10-06 12:12:20,277 - __main__ - INFO - Filebeat pipeline saved: [elasticsearch_gc.json] = "filebeat-8.14.0-elasticsearch-gc-pipeline"
2025-10-06 12:12:20,278 - __main__ - INFO - Filebeat pipeline saved: [filebeat_8_14_0_elasticsearch_slowlog_pipeline_json_8.json] = "filebeat-8.14.0-elasticsearch-slowlog-pipeline-json-8"
2025-10-06 12:12:20,278 - __main__ - INFO - Filebeat pipeline saved: [filebeat_8_14_0_elasticsearch_slowlog_pipeline_json_7.json] = "filebeat-8.14.0-elasticsearch-slowlog-pipeline-json-7"
2025-10-06 12:12:20,279 - __main__ - INFO - Filebeat pipeline saved: [mysqlenterprise_audit.json] = "filebeat-8.14.0-mysqlenterprise-audit-pipeline"
2025-10-06 12:12:20,280 - __main__ - INFO - Filebeat pipeline saved: [iptables_log.json] = "filebeat-8.14.0-iptables-log-pipeline"
2025-10-06 12:12:20,282 - __main__ - INFO - Filebeat pipeline saved: [aws_cloudtrail.json] = "filebeat-8.14.0-aws-cloudtrail-pipeline"
2025-10-06 12:12:20,284 - __main__ - INFO - Filebeat pipeline saved: [fortinet_firewall.json] = "filebeat-8.14.0-fortinet-firewall-pipeline"
2025-10-06 12:12:20,285 - __main__ - INFO - Filebeat pipeline saved: [zeek_ssl.json] = "filebeat-8.14.0-zeek-ssl-pipeline"
2025-10-06 12:12:20,286 - __main__ - INFO - Filebeat pipeline saved: [zeek_notice.json] = "filebeat-8.14.0-zeek-notice-pipeline"
2025-10-06 12:12:20,286 - __main__ - INFO - Filebeat pipeline saved: [zeek_smb_files.json] = "filebeat-8.14.0-zeek-smb_files-pipeline"
2025-10-06 12:12:20,287 - __main__ - INFO - Filebeat pipeline saved: [azure_auditlogs_azure_shared.json] = "filebeat-8.14.0-azure-auditlogs-azure-shared-pipeline"
2025-10-06 12:12:20,288 - __main__ - INFO - Filebeat pipeline saved: [snyk_vulnerabilities.json] = "filebeat-8.14.0-snyk-vulnerabilities-pipeline"
2025-10-06 12:12:20,288 - __main__ - INFO - Filebeat pipeline saved: [activemq_audit.json] = "filebeat-8.14.0-activemq-audit-pipeline"
2025-10-06 12:12:20,288 - __main__ - INFO - Filebeat pipeline saved: [aws_ec2.json] = "filebeat-8.14.0-aws-ec2-pipeline"
2025-10-06 12:12:20,289 - __main__ - INFO - Filebeat pipeline saved: [netflow_log.json] = "filebeat-8.14.0-netflow-log-pipeline"
2025-10-06 12:12:20,290 - __main__ - INFO - Filebeat pipeline saved: [mysql_error.json] = "filebeat-8.14.0-mysql-error-pipeline"
2025-10-06 12:12:20,290 - __main__ - INFO - Filebeat pipeline saved: [apache_error.json] = "filebeat-8.14.0-apache-error-pipeline"
2025-10-06 12:12:20,291 - __main__ - INFO - Filebeat pipeline saved: [zeek_kerberos.json] = "filebeat-8.14.0-zeek-kerberos-pipeline"
2025-10-06 12:12:20,292 - __main__ - INFO - Filebeat pipeline saved: [nginx_error.json] = "filebeat-8.14.0-nginx-error-pipeline"
2025-10-06 12:12:20,292 - __main__ - INFO - Filebeat pipeline saved: [azure_platformlogs_azure_shared.json] = "filebeat-8.14.0-azure-platformlogs-azure-shared-pipeline"
2025-10-06 12:12:20,293 - __main__ - INFO - Filebeat pipeline saved: [filebeat_8_14_0_kibana_log_pipeline_ecs.json] = "filebeat-8.14.0-kibana-log-pipeline-ecs"
2025-10-06 12:12:20,293 - __main__ - INFO - Filebeat pipeline saved: [kibana_audit.json] = "filebeat-8.14.0-kibana-audit-pipeline"
2025-10-06 12:12:20,294 - __main__ - INFO - Filebeat pipeline saved: [zeek_dpd.json] = "filebeat-8.14.0-zeek-dpd-pipeline"
2025-10-06 12:12:20,294 - __main__ - INFO - Filebeat pipeline saved: [filebeat_8_14_0_envoyproxy_log_pipeline_tcp.json] = "filebeat-8.14.0-envoyproxy-log-pipeline-tcp"
2025-10-06 12:12:20,296 - __main__ - INFO - Filebeat pipeline saved: [sophos_xg.json] = "filebeat-8.14.0-sophos-xg-pipeline"
2025-10-06 12:12:20,296 - __main__ - INFO - Filebeat pipeline saved: [rabbitmq_log.json] = "filebeat-8.14.0-rabbitmq-log-pipeline"
2025-10-06 12:12:20,297 - __main__ - INFO - Filebeat pipeline saved: [microsoft_m365_defender.json] = "filebeat-8.14.0-microsoft-m365_defender-pipeline"
2025-10-06 12:12:20,298 - __main__ - INFO - Filebeat pipeline saved: [filebeat_8_14_0_coredns_log_pipeline_entry.json] = "filebeat-8.14.0-coredns-log-pipeline-entry"
2025-10-06 12:12:20,298 - __main__ - INFO - Filebeat pipeline saved: [zookeeper_audit.json] = "filebeat-8.14.0-zookeeper-audit-pipeline"
2025-10-06 12:12:20,299 - __main__ - INFO - Filebeat pipeline saved: [cisco_ios.json] = "filebeat-8.14.0-cisco-ios-pipeline"
2025-10-06 12:12:20,299 - __main__ - INFO - Filebeat pipeline saved: [cef_log.json] = "filebeat-8.14.0-cef-log-pipeline"
2025-10-06 12:12:20,300 - __main__ - INFO - Filebeat pipeline saved: [filebeat_8_14_0_elasticsearch_deprecation_pipeline_json.json] = "filebeat-8.14.0-elasticsearch-deprecation-pipeline-json"
2025-10-06 12:12:20,301 - __main__ - INFO - Filebeat pipeline saved: [salesforce_apex.json] = "filebeat-8.14.0-salesforce-apex-pipeline"
2025-10-06 12:12:20,302 - __main__ - INFO - Filebeat pipeline saved: [filebeat_8_14_0_mongodb_log_pipeline_json.json] = "filebeat-8.14.0-mongodb-log-pipeline-json"
2025-10-06 12:12:20,307 - __main__ - INFO - Filebeat pipeline saved: [cisco_ftd_asa_ftd.json] = "filebeat-8.14.0-cisco-ftd-asa-ftd-pipeline"
2025-10-06 12:12:20,308 - __main__ - INFO - Filebeat pipeline saved: [azure_auditlogs.json] = "filebeat-8.14.0-azure-auditlogs-pipeline"
2025-10-06 12:12:20,309 - __main__ - INFO - Filebeat pipeline saved: [oracle_database_audit.json] = "filebeat-8.14.0-oracle-database_audit-pipeline"
2025-10-06 12:12:20,314 - __main__ - INFO - Filebeat pipeline saved: [cisco_asa_asa_ftd.json] = "filebeat-8.14.0-cisco-asa-asa-ftd-pipeline"
2025-10-06 12:12:20,315 - __main__ - INFO - Filebeat pipeline saved: [ibmmq_errorlog.json] = "filebeat-8.14.0-ibmmq-errorlog-pipeline"
2025-10-06 12:12:20,316 - __main__ - INFO - Filebeat pipeline saved: [threatintel_anomalithreatstream.json] = "filebeat-8.14.0-threatintel-anomalithreatstream-pipeline"
2025-10-06 12:12:20,317 - __main__ - INFO - Filebeat pipeline saved: [filebeat_8_14_0_elasticsearch_deprecation_pipeline_plaintext.json] = "filebeat-8.14.0-elasticsearch-deprecation-pipeline-plaintext"
2025-10-06 12:12:20,317 - __main__ - INFO - Filebeat pipeline saved: [zeek_ntp.json] = "filebeat-8.14.0-zeek-ntp-pipeline"
2025-10-06 12:12:20,319 - __main__ - INFO - Filebeat pipeline saved: [threatintel_misp.json] = "filebeat-8.14.0-threatintel-misp-pipeline"
2025-10-06 12:12:20,319 - __main__ - INFO - Filebeat pipeline saved: [mysql_slowlog.json] = "filebeat-8.14.0-mysql-slowlog-pipeline"
2025-10-06 12:12:20,320 - __main__ - INFO - Filebeat pipeline saved: [kibana_log.json] = "filebeat-8.14.0-kibana-log-pipeline"
2025-10-06 12:12:20,321 - __main__ - INFO - Filebeat pipeline saved: [zeek_syslog.json] = "filebeat-8.14.0-zeek-syslog-pipeline"
2025-10-06 12:12:20,322 - __main__ - INFO - Filebeat pipeline saved: [cisco_amp.json] = "filebeat-8.14.0-cisco-amp-pipeline"
2025-10-06 12:12:20,322 - __main__ - INFO - Filebeat pipeline export completed: 168 saved, 0 failed
2025-10-06 12:12:20,322 - __main__ - INFO - Filebeat pipeline export completed successfully
