2025-10-06 12:02:40,694 - elastic_transport.transport - INFO - HEAD http://localhost:9200/ [status:401 duration:0.003s]
2025-10-06 12:02:40,694 - __main__ - ERROR - Failed to connect to Elasticsearch at http://localhost:9200: Connection error
2025-10-06 12:02:40,695 - __main__ - ERROR - Pipeline export failed: Connection error
2025-10-06 12:03:59,699 - __main__ - INFO - Using basic authentication for user: elastic
2025-10-06 12:03:59,703 - elastic_transport.transport - INFO - HEAD http://10.0.5.97:9200/ [status:200 duration:0.002s]
2025-10-06 12:03:59,704 - elastic_transport.transport - INFO - GET http://10.0.5.97:9200/ [status:200 duration:0.001s]
2025-10-06 12:03:59,705 - __main__ - INFO - Connected to Elasticsearch cluster: node-1 (version: 8.14.0)
2025-10-06 12:03:59,705 - __main__ - INFO - Output directory created/verified: /opt/ingest_pipeline_prep
2025-10-06 12:03:59,705 - __main__ - INFO - Fetching all ingest pipelines from Elasticsearch...
2025-10-06 12:03:59,734 - elastic_transport.transport - INFO - GET http://10.0.5.97:9200/_ingest/pipeline/* [status:200 duration:0.029s]
2025-10-06 12:03:59,764 - __main__ - INFO - Successfully fetched 256 pipeline(s)
2025-10-06 12:03:59,765 - __main__ - INFO - Saving 256 pipeline(s) to /opt/ingest_pipeline_prep
2025-10-06 12:03:59,766 - __main__ - INFO - Pipeline saved: [elasticsearch_deprecation.json] = "filebeat-8.14.0-elasticsearch-deprecation-pipeline"
2025-10-06 12:03:59,767 - __main__ - INFO - Pipeline saved: [zeek_tunnel.json] = "filebeat-8.14.0-zeek-tunnel-pipeline"
2025-10-06 12:03:59,767 - __main__ - INFO - Pipeline saved: [threatintel_otx.json] = "filebeat-8.14.0-threatintel-otx-pipeline"
2025-10-06 12:03:59,768 - __main__ - INFO - Pipeline saved: [logs_default.json] = "logs-default-pipeline"
2025-10-06 12:03:59,768 - __main__ - INFO - Pipeline saved: [logs_endpoint_events_file_8_14_0.json] = "logs-endpoint.events.file-8.14.0"
2025-10-06 12:03:59,769 - __main__ - INFO - Pipeline saved: [logs_json_message.json] = "logs@json-message"
2025-10-06 12:03:59,769 - __main__ - INFO - Pipeline saved: [filebeat_8_14_0_envoyproxy_log_pipeline_plaintext.json] = "filebeat-8.14.0-envoyproxy-log-pipeline-plaintext"
2025-10-06 12:03:59,770 - __main__ - INFO - Pipeline saved: [filebeat_8_14_0_google_workspace_drive_common.json] = "filebeat-8.14.0-google_workspace-drive-common"
2025-10-06 12:03:59,770 - __main__ - INFO - Pipeline saved: [logs_json.json] = "logs@json-pipeline"
2025-10-06 12:03:59,770 - __main__ - INFO - Pipeline saved: [zeek_ocsp.json] = "filebeat-8.14.0-zeek-ocsp-pipeline"
2025-10-06 12:03:59,771 - __main__ - INFO - Pipeline saved: [filebeat_8_14_0_salesforce_login_object.json] = "filebeat-8.14.0-salesforce-login-object"
2025-10-06 12:03:59,772 - __main__ - INFO - Pipeline saved: [zeek_smb_mapping.json] = "filebeat-8.14.0-zeek-smb_mapping-pipeline"
2025-10-06 12:03:59,772 - __main__ - INFO - Pipeline saved: [filebeat_8_14_0_panw_panos_hipmatch.json] = "filebeat-8.14.0-panw-panos-hipmatch"
2025-10-06 12:03:59,780 - __main__ - INFO - Pipeline saved: [logs_default.json] = "logs@default-pipeline"
2025-10-06 12:03:59,781 - __main__ - INFO - Pipeline saved: [filebeat_8_14_0_sophos_xg_firewall.json] = "filebeat-8.14.0-sophos-xg-firewall"
2025-10-06 12:03:59,782 - __main__ - INFO - Pipeline saved: [threatintel_threatq.json] = "filebeat-8.14.0-threatintel-threatq-pipeline"
2025-10-06 12:03:59,783 - __main__ - INFO - Pipeline saved: [filebeat_8_14_0_zoom_webhook_user.json] = "filebeat-8.14.0-zoom-webhook-user"
2025-10-06 12:03:59,783 - __main__ - INFO - Pipeline saved: [zeek_capture_loss.json] = "filebeat-8.14.0-zeek-capture_loss-pipeline"
2025-10-06 12:03:59,784 - __main__ - INFO - Pipeline saved: [logstash_log.json] = "filebeat-8.14.0-logstash-log-pipeline"
2025-10-06 12:03:59,784 - __main__ - INFO - Pipeline saved: [logstash_slowlog.json] = "filebeat-8.14.0-logstash-slowlog-pipeline"
2025-10-06 12:03:59,785 - __main__ - INFO - Pipeline saved: [osquery_result.json] = "filebeat-8.14.0-osquery-result-pipeline"
2025-10-06 12:03:59,785 - __main__ - INFO - Pipeline saved: [elasticsearch_slowlog.json] = "filebeat-8.14.0-elasticsearch-slowlog-pipeline"
2025-10-06 12:03:59,786 - __main__ - INFO - Pipeline saved: [redis_log.json] = "filebeat-8.14.0-redis-log-pipeline"
2025-10-06 12:03:59,786 - __main__ - INFO - Pipeline saved: [filebeat_8_14_0_sophos_xg_wifi.json] = "filebeat-8.14.0-sophos-xg-wifi"
2025-10-06 12:03:59,787 - __main__ - INFO - Pipeline saved: [behavioral_analytics_events_final.json] = "behavioral_analytics-events-final_pipeline"
2025-10-06 12:03:59,787 - __main__ - INFO - Pipeline saved: [filebeat_8_14_0_zoom_webhook_phone.json] = "filebeat-8.14.0-zoom-webhook-phone"
2025-10-06 12:03:59,788 - __main__ - INFO - Pipeline saved: [redis_slowlog.json] = "filebeat-8.14.0-redis-slowlog-pipeline"
2025-10-06 12:03:59,789 - __main__ - INFO - Pipeline saved: [cef_log_cp.json] = "filebeat-8.14.0-cef-log-cp-pipeline"
2025-10-06 12:03:59,789 - __main__ - INFO - Pipeline saved: [aws_elb.json] = "filebeat-8.14.0-aws-elb-pipeline"
2025-10-06 12:03:59,790 - __main__ - INFO - Pipeline saved: [zeek_files.json] = "filebeat-8.14.0-zeek-files-pipeline"
2025-10-06 12:03:59,790 - __main__ - INFO - Pipeline saved: [snyk_audit.json] = "filebeat-8.14.0-snyk-audit-pipeline"
2025-10-06 12:03:59,791 - __main__ - INFO - Pipeline saved: [filebeat_8_14_0_elasticsearch_slowlog_pipeline_json.json] = "filebeat-8.14.0-elasticsearch-slowlog-pipeline-json"
2025-10-06 12:03:59,791 - __main__ - INFO - Pipeline saved: [zeek_ntlm.json] = "filebeat-8.14.0-zeek-ntlm-pipeline"
2025-10-06 12:03:59,792 - __main__ - INFO - Pipeline saved: [threatintel_anomali.json] = "filebeat-8.14.0-threatintel-anomali-pipeline"
2025-10-06 12:03:59,792 - __main__ - INFO - Pipeline saved: [filebeat_8_14_0_panw_panos_globalprotect.json] = "filebeat-8.14.0-panw-panos-globalprotect"
2025-10-06 12:03:59,793 - __main__ - INFO - Pipeline saved: [zeek_traceroute.json] = "filebeat-8.14.0-zeek-traceroute-pipeline"
2025-10-06 12:03:59,796 - __main__ - INFO - Pipeline saved: [logs_endpoint_actions_8_14_0.json] = "logs-endpoint.actions-8.14.0"
2025-10-06 12:03:59,797 - __main__ - INFO - Pipeline saved: [filebeat_8_14_0_envoyproxy_log_pipeline_http.json] = "filebeat-8.14.0-envoyproxy-log-pipeline-http"
2025-10-06 12:03:59,798 - __main__ - INFO - Pipeline saved: [filebeat_8_14_0_juniper_srx_flow.json] = "filebeat-8.14.0-juniper-srx-flow"
2025-10-06 12:03:59,799 - __main__ - INFO - Pipeline saved: [filebeat_8_14_0_crowdstrike_falcon_incident_summary.json] = "filebeat-8.14.0-crowdstrike-falcon-incident_summary"
2025-10-06 12:03:59,801 - __main__ - INFO - Pipeline saved: [okta_system.json] = "filebeat-8.14.0-okta-system-pipeline"
2025-10-06 12:03:59,801 - __main__ - INFO - Pipeline saved: [logs_endpoint_events_network_8_14_0.json] = "logs-endpoint.events.network-8.14.0"
2025-10-06 12:03:59,802 - __main__ - INFO - Pipeline saved: [synthetics_browser_1_3_0.json] = "synthetics-browser-1.3.0"
2025-10-06 12:03:59,802 - __main__ - INFO - Pipeline saved: [threatintel_abusemalware.json] = "filebeat-8.14.0-threatintel-abusemalware-pipeline"
2025-10-06 12:03:59,803 - __main__ - INFO - Pipeline saved: [microsoft_defender_atp.json] = "filebeat-8.14.0-microsoft-defender_atp-pipeline"
2025-10-06 12:03:59,804 - __main__ - INFO - Pipeline saved: [filebeat_8_14_0_crowdstrike_falcon_remote_response_session_start.json] = "filebeat-8.14.0-crowdstrike-falcon-remote_response_session_start"
2025-10-06 12:03:59,804 - __main__ - INFO - Pipeline saved: [filebeat_8_14_0_google_workspace_groups_common.json] = "filebeat-8.14.0-google_workspace-groups-common"
2025-10-06 12:03:59,805 - __main__ - INFO - Pipeline saved: [system_auth.json] = "filebeat-8.14.0-system-auth-pipeline"
2025-10-06 12:03:59,806 - __main__ - INFO - Pipeline saved: [elasticsearch_server.json] = "filebeat-8.14.0-elasticsearch-server-pipeline"
2025-10-06 12:03:59,806 - __main__ - INFO - Pipeline saved: [filebeat_8_14_0_logstash_log_pipeline_json.json] = "filebeat-8.14.0-logstash-log-pipeline-json"
2025-10-06 12:03:59,806 - __main__ - INFO - Pipeline saved: [mssql_log.json] = "filebeat-8.14.0-mssql-log-pipeline"
2025-10-06 12:03:59,807 - __main__ - INFO - Pipeline saved: [filebeat_8_14_0_fortinet_firewall_traffic.json] = "filebeat-8.14.0-fortinet-firewall-traffic"
2025-10-06 12:03:59,808 - __main__ - INFO - Pipeline saved: [azure_signinlogs.json] = "filebeat-8.14.0-azure-signinlogs-pipeline"
2025-10-06 12:03:59,809 - __main__ - INFO - Pipeline saved: [kafka_log.json] = "filebeat-8.14.0-kafka-log-pipeline"
2025-10-06 12:03:59,810 - __main__ - INFO - Pipeline saved: [filebeat_8_14_0_sophos_xg_systemhealth.json] = "filebeat-8.14.0-sophos-xg-systemhealth"
2025-10-06 12:03:59,811 - __main__ - INFO - Pipeline saved: [filebeat_8_14_0_juniper_srx_utm.json] = "filebeat-8.14.0-juniper-srx-utm"
2025-10-06 12:03:59,811 - __main__ - INFO - Pipeline saved: [filebeat_8_14_0_zoom_webhook_webinar.json] = "filebeat-8.14.0-zoom-webhook-webinar"
2025-10-06 12:03:59,812 - __main__ - INFO - Pipeline saved: [filebeat_8_14_0_salesforce_logout_eventlogfile.json] = "filebeat-8.14.0-salesforce-logout-eventlogfile"
2025-10-06 12:03:59,813 - __main__ - INFO - Pipeline saved: [zeek_mysql.json] = "filebeat-8.14.0-zeek-mysql-pipeline"
2025-10-06 12:03:59,813 - __main__ - INFO - Pipeline saved: [filebeat_8_14_0_panw_panos_traffic.json] = "filebeat-8.14.0-panw-panos-traffic"
2025-10-06 12:03:59,814 - __main__ - INFO - Pipeline saved: [filebeat_8_14_0_zoom_webhook_chat_channel.json] = "filebeat-8.14.0-zoom-webhook-chat_channel"
2025-10-06 12:03:59,814 - __main__ - INFO - Pipeline saved: [misp_threat.json] = "filebeat-8.14.0-misp-threat-pipeline"
2025-10-06 12:03:59,815 - __main__ - INFO - Pipeline saved: [azure_platformlogs.json] = "filebeat-8.14.0-azure-platformlogs-pipeline"
2025-10-06 12:03:59,816 - __main__ - INFO - Pipeline saved: [zeek_sip.json] = "filebeat-8.14.0-zeek-sip-pipeline"
2025-10-06 12:03:59,816 - __main__ - INFO - Pipeline saved: [zoom_webhook.json] = "filebeat-8.14.0-zoom-webhook-pipeline"
2025-10-06 12:03:59,817 - __main__ - INFO - Pipeline saved: [filebeat_8_14_0_sophos_xg_cfilter.json] = "filebeat-8.14.0-sophos-xg-cfilter"
2025-10-06 12:03:59,818 - __main__ - INFO - Pipeline saved: [slo_observability_sli_pipeline_v3_2.json] = ".slo-observability.sli.pipeline-v3.2"
2025-10-06 12:03:59,818 - __main__ - INFO - Pipeline saved: [cef_log_fp.json] = "filebeat-8.14.0-cef-log-fp-pipeline"
2025-10-06 12:03:59,819 - __main__ - INFO - Pipeline saved: [nginx_ingress_controller.json] = "filebeat-8.14.0-nginx-ingress_controller-pipeline"
2025-10-06 12:03:59,820 - __main__ - INFO - Pipeline saved: [cisco_umbrella.json] = "filebeat-8.14.0-cisco-umbrella-pipeline"
2025-10-06 12:03:59,820 - __main__ - INFO - Pipeline saved: [zookeeper_log.json] = "filebeat-8.14.0-zookeeper-log-pipeline"
2025-10-06 12:03:59,821 - __main__ - INFO - Pipeline saved: [aws_s3access.json] = "filebeat-8.14.0-aws-s3access-pipeline"
2025-10-06 12:03:59,822 - __main__ - INFO - Pipeline saved: [zeek_socks.json] = "filebeat-8.14.0-zeek-socks-pipeline"
2025-10-06 12:03:59,822 - __main__ - INFO - Pipeline saved: [filebeat_8_14_0_elasticsearch_server_pipeline_plaintext.json] = "filebeat-8.14.0-elasticsearch-server-pipeline-plaintext"
2025-10-06 12:03:59,822 - __main__ - INFO - Pipeline saved: [filebeat_8_14_0_coredns_log_pipeline_json.json] = "filebeat-8.14.0-coredns-log-pipeline-json"
2025-10-06 12:03:59,823 - __main__ - INFO - Pipeline saved: [nats_log.json] = "filebeat-8.14.0-nats-log-pipeline"
2025-10-06 12:03:59,824 - __main__ - INFO - Pipeline saved: [zeek_smtp.json] = "filebeat-8.14.0-zeek-smtp-pipeline"
2025-10-06 12:03:59,824 - __main__ - INFO - Pipeline saved: [zeek_pe.json] = "filebeat-8.14.0-zeek-pe-pipeline"
2025-10-06 12:03:59,825 - __main__ - INFO - Pipeline saved: [iis_error.json] = "filebeat-8.14.0-iis-error-pipeline"
2025-10-06 12:03:59,825 - __main__ - INFO - Pipeline saved: [icinga_main.json] = "filebeat-8.14.0-icinga-main-pipeline"
2025-10-06 12:03:59,825 - __main__ - INFO - Pipeline saved: [filebeat_8_14_0_logstash_log_pipeline_plaintext.json] = "filebeat-8.14.0-logstash-log-pipeline-plaintext"
2025-10-06 12:03:59,826 - __main__ - INFO - Pipeline saved: [zeek_signature.json] = "filebeat-8.14.0-zeek-signature-pipeline"
2025-10-06 12:03:59,827 - __main__ - INFO - Pipeline saved: [filebeat_8_14_0_crowdstrike_falcon_firewall_match.json] = "filebeat-8.14.0-crowdstrike-falcon-firewall_match"
2025-10-06 12:03:59,827 - __main__ - INFO - Pipeline saved: [santa_log.json] = "filebeat-8.14.0-santa-log-pipeline"
2025-10-06 12:03:59,828 - __main__ - INFO - Pipeline saved: [zeek_http.json] = "filebeat-8.14.0-zeek-http-pipeline"
2025-10-06 12:03:59,828 - __main__ - INFO - Pipeline saved: [filebeat_8_14_0_postgresql_log_pipeline_log.json] = "filebeat-8.14.0-postgresql-log-pipeline-log"
2025-10-06 12:03:59,829 - __main__ - INFO - Pipeline saved: [filebeat_8_14_0_panw_panos_threat.json] = "filebeat-8.14.0-panw-panos-threat"
2025-10-06 12:03:59,829 - __main__ - INFO - Pipeline saved: [zeek_weird.json] = "filebeat-8.14.0-zeek-weird-pipeline"
2025-10-06 12:03:59,829 - __main__ - INFO - Pipeline saved: [logs_endpoint_heartbeat_8_14_0.json] = "logs-endpoint.heartbeat-8.14.0"
2025-10-06 12:03:59,830 - __main__ - INFO - Pipeline saved: [filebeat_8_14_0_envoyproxy_log_pipeline_json.json] = "filebeat-8.14.0-envoyproxy-log-pipeline-json"
2025-10-06 12:03:59,830 - __main__ - INFO - Pipeline saved: [zeek_snmp.json] = "filebeat-8.14.0-zeek-snmp-pipeline"
2025-10-06 12:03:59,831 - __main__ - INFO - Pipeline saved: [filebeat_8_14_0_panw_panos_userid.json] = "filebeat-8.14.0-panw-panos-userid"
2025-10-06 12:03:59,831 - __main__ - INFO - Pipeline saved: [icinga_startup.json] = "filebeat-8.14.0-icinga-startup-pipeline"
2025-10-06 12:03:59,832 - __main__ - INFO - Pipeline saved: [filebeat_8_14_0_google_workspace_admin_common.json] = "filebeat-8.14.0-google_workspace-admin-common"
2025-10-06 12:03:59,832 - __main__ - INFO - Pipeline saved: [filebeat_8_14_0_suricata_eve_http.json] = "filebeat-8.14.0-suricata-eve-http"
2025-10-06 12:03:59,833 - __main__ - INFO - Pipeline saved: [crowdstrike_falcon.json] = "filebeat-8.14.0-crowdstrike-falcon-pipeline"
2025-10-06 12:03:59,834 - __main__ - INFO - Pipeline saved: [filebeat_8_14_0_elasticsearch_audit_pipeline_json.json] = "filebeat-8.14.0-elasticsearch-audit-pipeline-json"
2025-10-06 12:03:59,834 - __main__ - INFO - Pipeline saved: [elasticsearch_audit.json] = "filebeat-8.14.0-elasticsearch-audit-pipeline"
2025-10-06 12:03:59,835 - __main__ - INFO - Pipeline saved: [filebeat_8_14_0_elasticsearch_deprecation_pipeline_json_7.json] = "filebeat-8.14.0-elasticsearch-deprecation-pipeline-json-7"
2025-10-06 12:03:59,836 - __main__ - INFO - Pipeline saved: [pensando_dfw.json] = "filebeat-8.14.0-pensando-dfw-pipeline"
2025-10-06 12:03:59,836 - __main__ - INFO - Pipeline saved: [filebeat_8_14_0_elasticsearch_deprecation_pipeline_json_8.json] = "filebeat-8.14.0-elasticsearch-deprecation-pipeline-json-8"
2025-10-06 12:03:59,837 - __main__ - INFO - Pipeline saved: [zeek_intel.json] = "filebeat-8.14.0-zeek-intel-pipeline"
2025-10-06 12:03:59,837 - __main__ - INFO - Pipeline saved: [filebeat_8_14_0_google_workspace_user_accounts_common.json] = "filebeat-8.14.0-google_workspace-user_accounts-common"
2025-10-06 12:03:59,838 - __main__ - INFO - Pipeline saved: [filebeat_8_14_0_salesforce_login_default.json] = "filebeat-8.14.0-salesforce-login-default"
2025-10-06 12:03:59,838 - __main__ - INFO - Pipeline saved: [synthetics_icmp_1_3_0.json] = "synthetics-icmp-1.3.0"
2025-10-06 12:03:59,839 - __main__ - INFO - Pipeline saved: [o365_audit.json] = "filebeat-8.14.0-o365-audit-pipeline"
2025-10-06 12:03:59,839 - __main__ - INFO - Pipeline saved: [metrics_endpoint_policy_8_14_0.json] = "metrics-endpoint.policy-8.14.0"
2025-10-06 12:03:59,840 - __main__ - INFO - Pipeline saved: [filebeat_8_14_0_sophos_xg_antispam.json] = "filebeat-8.14.0-sophos-xg-antispam"
2025-10-06 12:03:59,840 - __main__ - INFO - Pipeline saved: [zeek_connection.json] = "filebeat-8.14.0-zeek-connection-pipeline"
2025-10-06 12:03:59,841 - __main__ - INFO - Pipeline saved: [synthetics_tcp_1_3_0.json] = "synthetics-tcp-1.3.0"
2025-10-06 12:03:59,841 - __main__ - INFO - Pipeline saved: [kibana_observability_ai_assistant_kb_ingest.json] = ".kibana-observability-ai-assistant-kb-ingest-pipeline"
2025-10-06 12:03:59,842 - __main__ - INFO - Pipeline saved: [aws_cloudwatch.json] = "filebeat-8.14.0-aws-cloudwatch-pipeline"
2025-10-06 12:03:59,842 - __main__ - INFO - Pipeline saved: [logs_endpoint_events_security_8_14_0.json] = "logs-endpoint.events.security-8.14.0"
2025-10-06 12:03:59,843 - __main__ - INFO - Pipeline saved: [synthetics_http_1_3_0.json] = "synthetics-http-1.3.0"
2025-10-06 12:03:59,843 - __main__ - INFO - Pipeline saved: [metrics_endpoint_metrics_8_14_0.json] = "metrics-endpoint.metrics-8.14.0"
2025-10-06 12:03:59,843 - __main__ - INFO - Pipeline saved: [icinga_debug.json] = "filebeat-8.14.0-icinga-debug-pipeline"
2025-10-06 12:03:59,844 - __main__ - INFO - Pipeline saved: [filebeat_8_14_0_elasticsearch_slowlog_pipeline_plaintext.json] = "filebeat-8.14.0-elasticsearch-slowlog-pipeline-plaintext"
2025-10-06 12:03:59,844 - __main__ - INFO - Pipeline saved: [mongodb_log.json] = "filebeat-8.14.0-mongodb-log-pipeline"
2025-10-06 12:03:59,845 - __main__ - INFO - Pipeline saved: [threatintel_malwarebazaar.json] = "filebeat-8.14.0-threatintel-malwarebazaar-pipeline"
2025-10-06 12:03:59,846 - __main__ - INFO - Pipeline saved: [zeek_modbus.json] = "filebeat-8.14.0-zeek-modbus-pipeline"
2025-10-06 12:03:59,846 - __main__ - INFO - Pipeline saved: [zeek_ftp.json] = "filebeat-8.14.0-zeek-ftp-pipeline"
2025-10-06 12:03:59,846 - __main__ - INFO - Pipeline saved: [logs_endpoint_events_process_8_14_0.json] = "logs-endpoint.events.process-8.14.0"
2025-10-06 12:03:59,847 - __main__ - INFO - Pipeline saved: [synthetics_browser_screenshot_1_3_0.json] = "synthetics-browser.screenshot-1.3.0"
2025-10-06 12:03:59,847 - __main__ - INFO - Pipeline saved: [filebeat_8_14_0_elasticsearch_server_pipeline_json_7.json] = "filebeat-8.14.0-elasticsearch-server-pipeline-json-7"
2025-10-06 12:03:59,848 - __main__ - INFO - Pipeline saved: [filebeat_8_14_0_elasticsearch_server_pipeline_json_8.json] = "filebeat-8.14.0-elasticsearch-server-pipeline-json-8"
2025-10-06 12:03:59,849 - __main__ - INFO - Pipeline saved: [zeek_irc.json] = "filebeat-8.14.0-zeek-irc-pipeline"
2025-10-06 12:03:59,849 - __main__ - INFO - Pipeline saved: [zeek_dnp3.json] = "filebeat-8.14.0-zeek-dnp3-pipeline"
2025-10-06 12:03:59,850 - __main__ - INFO - Pipeline saved: [threatintel_abuseurl.json] = "filebeat-8.14.0-threatintel-abuseurl-pipeline"
2025-10-06 12:03:59,850 - __main__ - INFO - Pipeline saved: [salesforce_setupaudittrail.json] = "filebeat-8.14.0-salesforce-setupaudittrail-pipeline"
2025-10-06 12:03:59,851 - __main__ - INFO - Pipeline saved: [apache_access.json] = "filebeat-8.14.0-apache-access-pipeline"
2025-10-06 12:03:59,851 - __main__ - INFO - Pipeline saved: [filebeat_8_14_0_logstash_slowlog_pipeline_json.json] = "filebeat-8.14.0-logstash-slowlog-pipeline-json"
2025-10-06 12:03:59,852 - __main__ - INFO - Pipeline saved: [filebeat_8_14_0_mongodb_log_pipeline_plaintext.json] = "filebeat-8.14.0-mongodb-log-pipeline-plaintext"
2025-10-06 12:03:59,852 - __main__ - INFO - Pipeline saved: [filebeat_8_14_0_zoom_webhook_zoomroom.json] = "filebeat-8.14.0-zoom-webhook-zoomroom"
2025-10-06 12:03:59,853 - __main__ - INFO - Pipeline saved: [zeek_dns.json] = "filebeat-8.14.0-zeek-dns-pipeline"
2025-10-06 12:03:59,853 - __main__ - INFO - Pipeline saved: [zeek_ssh.json] = "filebeat-8.14.0-zeek-ssh-pipeline"
2025-10-06 12:03:59,854 - __main__ - INFO - Pipeline saved: [traefik_access.json] = "filebeat-8.14.0-traefik-access-pipeline"
2025-10-06 12:03:59,855 - __main__ - INFO - Pipeline saved: [filebeat_8_14_0_envoyproxy_log_pipeline_entry.json] = "filebeat-8.14.0-envoyproxy-log-pipeline-entry"
2025-10-06 12:03:59,855 - __main__ - INFO - Pipeline saved: [zeek_stats.json] = "filebeat-8.14.0-zeek-stats-pipeline"
2025-10-06 12:03:59,858 - __main__ - INFO - Pipeline saved: [cyberarkpas_audit.json] = "filebeat-8.14.0-cyberarkpas-audit-pipeline"
2025-10-06 12:03:59,859 - __main__ - INFO - Pipeline saved: [zeek_radius.json] = "filebeat-8.14.0-zeek-radius-pipeline"
2025-10-06 12:03:59,860 - __main__ - INFO - Pipeline saved: [filebeat_8_14_0_fortinet_firewall_utm.json] = "filebeat-8.14.0-fortinet-firewall-utm"
2025-10-06 12:03:59,861 - __main__ - INFO - Pipeline saved: [haproxy_log.json] = "filebeat-8.14.0-haproxy-log-pipeline"
2025-10-06 12:03:59,862 - __main__ - INFO - Pipeline saved: [filebeat_8_14_0_kibana_audit_pipeline_json.json] = "filebeat-8.14.0-kibana-audit-pipeline-json"
2025-10-06 12:03:59,874 - __main__ - INFO - Pipeline saved: [checkpoint_firewall.json] = "filebeat-8.14.0-checkpoint-firewall-pipeline"
2025-10-06 12:03:59,874 - __main__ - INFO - Pipeline saved: [zeek_rfb.json] = "filebeat-8.14.0-zeek-rfb-pipeline"
2025-10-06 12:03:59,875 - __main__ - INFO - Pipeline saved: [logs_endpoint_events_library_8_14_0.json] = "logs-endpoint.events.library-8.14.0"
2025-10-06 12:03:59,875 - __main__ - INFO - Pipeline saved: [zeek_dce_rpc.json] = "filebeat-8.14.0-zeek-dce_rpc-pipeline"
2025-10-06 12:03:59,876 - __main__ - INFO - Pipeline saved: [filebeat_8_14_0_crowdstrike_falcon_user_activity_audit.json] = "filebeat-8.14.0-crowdstrike-falcon-user_activity_audit"
2025-10-06 12:03:59,877 - __main__ - INFO - Pipeline saved: [panw_panos.json] = "filebeat-8.14.0-panw-panos-pipeline"
2025-10-06 12:03:59,878 - __main__ - INFO - Pipeline saved: [postgresql_log.json] = "filebeat-8.14.0-postgresql-log-pipeline"
2025-10-06 12:03:59,878 - __main__ - INFO - Pipeline saved: [logs_endpoint_events_registry_8_14_0.json] = "logs-endpoint.events.registry-8.14.0"
2025-10-06 12:03:59,879 - __main__ - INFO - Pipeline saved: [zeek_smb_cmd.json] = "filebeat-8.14.0-zeek-smb_cmd-pipeline"
2025-10-06 12:03:59,879 - __main__ - INFO - Pipeline saved: [filebeat_8_14_0_envoyproxy_log_pipeline_geo_as.json] = "filebeat-8.14.0-envoyproxy-log-pipeline-geo-as"
2025-10-06 12:03:59,880 - __main__ - INFO - Pipeline saved: [filebeat_8_14_0_zoom_webhook_account.json] = "filebeat-8.14.0-zoom-webhook-account"
2025-10-06 12:03:59,882 - __main__ - INFO - Pipeline saved: [filebeat_8_14_0_salesforce_logout_default.json] = "filebeat-8.14.0-salesforce-logout-default"
2025-10-06 12:03:59,884 - __main__ - INFO - Pipeline saved: [filebeat_8_14_0_zoom_webhook_recording.json] = "filebeat-8.14.0-zoom-webhook-recording"
2025-10-06 12:03:59,912 - __main__ - INFO - Pipeline saved: [auditd_log.json] = "filebeat-8.14.0-auditd-log-pipeline"
2025-10-06 12:03:59,915 - __main__ - INFO - Pipeline saved: [iis_access.json] = "filebeat-8.14.0-iis-access-pipeline"
2025-10-06 12:03:59,919 - __main__ - INFO - Pipeline saved: [aws_vpcflow.json] = "filebeat-8.14.0-aws-vpcflow-pipeline"
2025-10-06 12:03:59,921 - __main__ - INFO - Pipeline saved: [nginx_access.json] = "filebeat-8.14.0-nginx-access-pipeline"
2025-10-06 12:03:59,924 - __main__ - INFO - Pipeline saved: [filebeat_8_14_0_zoom_webhook_meeting.json] = "filebeat-8.14.0-zoom-webhook-meeting"
2025-10-06 12:03:59,926 - __main__ - INFO - Pipeline saved: [juniper_srx.json] = "filebeat-8.14.0-juniper-srx-pipeline"
2025-10-06 12:03:59,929 - __main__ - INFO - Pipeline saved: [suricata_eve.json] = "filebeat-8.14.0-suricata-eve-pipeline"
2025-10-06 12:03:59,929 - __main__ - INFO - Pipeline saved: [filebeat_8_14_0_coredns_log_pipeline_plaintext.json] = "filebeat-8.14.0-coredns-log-pipeline-plaintext"
2025-10-06 12:03:59,930 - __main__ - INFO - Pipeline saved: [filebeat_8_14_0_elasticsearch_server_pipeline_json.json] = "filebeat-8.14.0-elasticsearch-server-pipeline-json"
2025-10-06 12:03:59,930 - __main__ - INFO - Pipeline saved: [system_syslog.json] = "filebeat-8.14.0-system-syslog-pipeline"
2025-10-06 12:03:59,931 - __main__ - INFO - Pipeline saved: [azure_activitylogs_azure_shared.json] = "filebeat-8.14.0-azure-activitylogs-azure-shared-pipeline"
2025-10-06 12:03:59,931 - __main__ - INFO - Pipeline saved: [logs_endpoint_alerts_8_14_0.json] = "logs-endpoint.alerts-8.14.0"
2025-10-06 12:03:59,932 - __main__ - INFO - Pipeline saved: [zeek_rdp.json] = "filebeat-8.14.0-zeek-rdp-pipeline"
2025-10-06 12:03:59,932 - __main__ - INFO - Pipeline saved: [activemq_log.json] = "filebeat-8.14.0-activemq-log-pipeline"
2025-10-06 12:03:59,933 - __main__ - INFO - Pipeline saved: [zeek_dhcp.json] = "filebeat-8.14.0-zeek-dhcp-pipeline"
2025-10-06 12:03:59,934 - __main__ - INFO - Pipeline saved: [filebeat_8_14_0_google_workspace_login_common.json] = "filebeat-8.14.0-google_workspace-login-common"
2025-10-06 12:03:59,936 - __main__ - INFO - Pipeline saved: [filebeat_8_14_0_kibana_log_pipeline_7.json] = "filebeat-8.14.0-kibana-log-pipeline-7"
2025-10-06 12:03:59,940 - __main__ - INFO - Pipeline saved: [azure_activitylogs.json] = "filebeat-8.14.0-azure-activitylogs-pipeline"
2025-10-06 12:03:59,944 - __main__ - INFO - Pipeline saved: [filebeat_8_14_0_juniper_srx_atp.json] = "filebeat-8.14.0-juniper-srx-atp"
2025-10-06 12:03:59,946 - __main__ - INFO - Pipeline saved: [filebeat_8_14_0_logstash_slowlog_pipeline_plaintext.json] = "filebeat-8.14.0-logstash-slowlog-pipeline-plaintext"
2025-10-06 12:03:59,946 - __main__ - INFO - Pipeline saved: [awsfargate_log.json] = "filebeat-8.14.0-awsfargate-log-pipeline"
2025-10-06 12:03:59,948 - __main__ - INFO - Pipeline saved: [zeek_x509.json] = "filebeat-8.14.0-zeek-x509-pipeline"
2025-10-06 12:03:59,949 - __main__ - INFO - Pipeline saved: [azure_signinlogs_azure_shared.json] = "filebeat-8.14.0-azure-signinlogs-azure-shared-pipeline"
2025-10-06 12:03:59,949 - __main__ - INFO - Pipeline saved: [filebeat_8_14_0_elasticsearch_audit_pipeline_plaintext.json] = "filebeat-8.14.0-elasticsearch-audit-pipeline-plaintext"
2025-10-06 12:03:59,950 - __main__ - INFO - Pipeline saved: [filebeat_8_14_0_postgresql_log_pipeline_csv.json] = "filebeat-8.14.0-postgresql-log-pipeline-csv"
2025-10-06 12:03:59,951 - __main__ - INFO - Pipeline saved: [ent_search_generic_ingestion.json] = "ent-search-generic-ingestion"
2025-10-06 12:03:59,970 - __main__ - INFO - Pipeline saved: [elasticsearch_gc.json] = "filebeat-8.14.0-elasticsearch-gc-pipeline"
2025-10-06 12:03:59,971 - __main__ - INFO - Pipeline saved: [filebeat_8_14_0_elasticsearch_slowlog_pipeline_json_8.json] = "filebeat-8.14.0-elasticsearch-slowlog-pipeline-json-8"
2025-10-06 12:03:59,971 - __main__ - INFO - Pipeline saved: [filebeat_8_14_0_elasticsearch_slowlog_pipeline_json_7.json] = "filebeat-8.14.0-elasticsearch-slowlog-pipeline-json-7"
2025-10-06 12:03:59,972 - __main__ - INFO - Pipeline saved: [filebeat_8_14_0_suricata_eve_tls.json] = "filebeat-8.14.0-suricata-eve-tls"
2025-10-06 12:03:59,973 - __main__ - INFO - Pipeline saved: [filebeat_8_14_0_juniper_srx_idp.json] = "filebeat-8.14.0-juniper-srx-idp"
2025-10-06 12:03:59,974 - __main__ - INFO - Pipeline saved: [mysqlenterprise_audit.json] = "filebeat-8.14.0-mysqlenterprise-audit-pipeline"
2025-10-06 12:03:59,975 - __main__ - INFO - Pipeline saved: [iptables_log.json] = "filebeat-8.14.0-iptables-log-pipeline"
2025-10-06 12:03:59,977 - __main__ - INFO - Pipeline saved: [aws_cloudtrail.json] = "filebeat-8.14.0-aws-cloudtrail-pipeline"
2025-10-06 12:03:59,979 - __main__ - INFO - Pipeline saved: [fortinet_firewall.json] = "filebeat-8.14.0-fortinet-firewall-pipeline"
2025-10-06 12:03:59,980 - __main__ - INFO - Pipeline saved: [filebeat_8_14_0_juniper_srx_ids.json] = "filebeat-8.14.0-juniper-srx-ids"
2025-10-06 12:03:59,981 - __main__ - INFO - Pipeline saved: [filebeat_8_14_0_sophos_xg_event.json] = "filebeat-8.14.0-sophos-xg-event"
2025-10-06 12:03:59,981 - __main__ - INFO - Pipeline saved: [filebeat_8_14_0_suricata_eve_dns_answer_v1.json] = "filebeat-8.14.0-suricata-eve-dns-answer-v1"
2025-10-06 12:03:59,981 - __main__ - INFO - Pipeline saved: [filebeat_8_14_0_suricata_eve_dns_answer_v2.json] = "filebeat-8.14.0-suricata-eve-dns-answer-v2"
2025-10-06 12:03:59,982 - __main__ - INFO - Pipeline saved: [filebeat_8_14_0_sophos_xg_atp.json] = "filebeat-8.14.0-sophos-xg-atp"
2025-10-06 12:03:59,982 - __main__ - INFO - Pipeline saved: [filebeat_8_14_0_zoom_webhook_chat_message.json] = "filebeat-8.14.0-zoom-webhook-chat_message"
2025-10-06 12:03:59,983 - __main__ - INFO - Pipeline saved: [filebeat_8_14_0_salesforce_login_eventlogfile.json] = "filebeat-8.14.0-salesforce-login-eventlogfile"
2025-10-06 12:03:59,984 - __main__ - INFO - Pipeline saved: [filebeat_8_14_0_fortinet_firewall_event.json] = "filebeat-8.14.0-fortinet-firewall-event"
2025-10-06 12:03:59,985 - __main__ - INFO - Pipeline saved: [zeek_ssl.json] = "filebeat-8.14.0-zeek-ssl-pipeline"
2025-10-06 12:03:59,986 - __main__ - INFO - Pipeline saved: [zeek_notice.json] = "filebeat-8.14.0-zeek-notice-pipeline"
2025-10-06 12:03:59,987 - __main__ - INFO - Pipeline saved: [zeek_smb_files.json] = "filebeat-8.14.0-zeek-smb_files-pipeline"
2025-10-06 12:03:59,988 - __main__ - INFO - Pipeline saved: [azure_auditlogs_azure_shared.json] = "filebeat-8.14.0-azure-auditlogs-azure-shared-pipeline"
2025-10-06 12:03:59,988 - __main__ - INFO - Pipeline saved: [filebeat_8_14_0_crowdstrike_falcon_remote_response_session_end.json] = "filebeat-8.14.0-crowdstrike-falcon-remote_response_session_end"
2025-10-06 12:03:59,989 - __main__ - INFO - Pipeline saved: [filebeat_8_14_0_sophos_xg_idp.json] = "filebeat-8.14.0-sophos-xg-idp"
2025-10-06 12:03:59,989 - __main__ - INFO - Pipeline saved: [synthetics_browser_network_1_3_0.json] = "synthetics-browser.network-1.3.0"
2025-10-06 12:03:59,990 - __main__ - INFO - Pipeline saved: [filebeat_8_14_0_suricata_eve_dns.json] = "filebeat-8.14.0-suricata-eve-dns"
2025-10-06 12:03:59,991 - __main__ - INFO - Pipeline saved: [snyk_vulnerabilities.json] = "filebeat-8.14.0-snyk-vulnerabilities-pipeline"
2025-10-06 12:03:59,991 - __main__ - INFO - Pipeline saved: [activemq_audit.json] = "filebeat-8.14.0-activemq-audit-pipeline"
2025-10-06 12:03:59,991 - __main__ - INFO - Pipeline saved: [aws_ec2.json] = "filebeat-8.14.0-aws-ec2-pipeline"
2025-10-06 12:03:59,992 - __main__ - INFO - Pipeline saved: [netflow_log.json] = "filebeat-8.14.0-netflow-log-pipeline"
2025-10-06 12:03:59,992 - __main__ - INFO - Pipeline saved: [mysql_error.json] = "filebeat-8.14.0-mysql-error-pipeline"
2025-10-06 12:03:59,993 - __main__ - INFO - Pipeline saved: [filebeat_8_14_0_crowdstrike_falcon_auth_activity_audit.json] = "filebeat-8.14.0-crowdstrike-falcon-auth_activity_audit"
2025-10-06 12:03:59,993 - __main__ - INFO - Pipeline saved: [fleet_final_pipeline_1.json] = ".fleet_final_pipeline-1"
2025-10-06 12:03:59,994 - __main__ - INFO - Pipeline saved: [apache_error.json] = "filebeat-8.14.0-apache-error-pipeline"
2025-10-06 12:03:59,995 - __main__ - INFO - Pipeline saved: [zeek_kerberos.json] = "filebeat-8.14.0-zeek-kerberos-pipeline"
2025-10-06 12:03:59,995 - __main__ - INFO - Pipeline saved: [nginx_error.json] = "filebeat-8.14.0-nginx-error-pipeline"
2025-10-06 12:03:59,996 - __main__ - INFO - Pipeline saved: [logs_endpoint_action_responses_8_14_0.json] = "logs-endpoint.action.responses-8.14.0"
2025-10-06 12:03:59,996 - __main__ - INFO - Pipeline saved: [filebeat_8_14_0_crowdstrike_falcon_detection_summary.json] = "filebeat-8.14.0-crowdstrike-falcon-detection_summary"
2025-10-06 12:03:59,997 - __main__ - INFO - Pipeline saved: [azure_platformlogs_azure_shared.json] = "filebeat-8.14.0-azure-platformlogs-azure-shared-pipeline"
2025-10-06 12:03:59,997 - __main__ - INFO - Pipeline saved: [filebeat_8_14_0_kibana_log_pipeline_ecs.json] = "filebeat-8.14.0-kibana-log-pipeline-ecs"
2025-10-06 12:03:59,998 - __main__ - INFO - Pipeline saved: [kibana_audit.json] = "filebeat-8.14.0-kibana-audit-pipeline"
2025-10-06 12:03:59,999 - __main__ - INFO - Pipeline saved: [filebeat_8_14_0_sophos_xg_antivirus.json] = "filebeat-8.14.0-sophos-xg-antivirus"
2025-10-06 12:03:59,999 - __main__ - INFO - Pipeline saved: [zeek_dpd.json] = "filebeat-8.14.0-zeek-dpd-pipeline"
2025-10-06 12:04:00,002 - __main__ - INFO - Pipeline saved: [filebeat_8_14_0_sophos_xg_waf.json] = "filebeat-8.14.0-sophos-xg-waf"
2025-10-06 12:04:00,003 - __main__ - INFO - Pipeline saved: [filebeat_8_14_0_envoyproxy_log_pipeline_tcp.json] = "filebeat-8.14.0-envoyproxy-log-pipeline-tcp"
2025-10-06 12:04:00,003 - __main__ - INFO - Pipeline saved: [logs_endpoint_diagnostic_collection_8_14_0.json] = "logs-endpoint.diagnostic.collection-8.14.0"
2025-10-06 12:04:00,005 - __main__ - INFO - Pipeline saved: [sophos_xg.json] = "filebeat-8.14.0-sophos-xg-pipeline"
2025-10-06 12:04:00,005 - __main__ - INFO - Pipeline saved: [rabbitmq_log.json] = "filebeat-8.14.0-rabbitmq-log-pipeline"
2025-10-06 12:04:00,006 - __main__ - INFO - Pipeline saved: [filebeat_8_14_0_sophos_xg_sandstorm.json] = "filebeat-8.14.0-sophos-xg-sandstorm"
2025-10-06 12:04:00,007 - __main__ - INFO - Pipeline saved: [filebeat_8_14_0_juniper_srx_secintel.json] = "filebeat-8.14.0-juniper-srx-secintel"
2025-10-06 12:04:00,008 - __main__ - INFO - Pipeline saved: [microsoft_m365_defender.json] = "filebeat-8.14.0-microsoft-m365_defender-pipeline"
2025-10-06 12:04:00,009 - __main__ - INFO - Pipeline saved: [filebeat_8_14_0_coredns_log_pipeline_entry.json] = "filebeat-8.14.0-coredns-log-pipeline-entry"
2025-10-06 12:04:00,009 - __main__ - INFO - Pipeline saved: [filebeat_8_14_0_salesforce_logout_object.json] = "filebeat-8.14.0-salesforce-logout-object"
2025-10-06 12:04:00,010 - __main__ - INFO - Pipeline saved: [zookeeper_audit.json] = "filebeat-8.14.0-zookeeper-audit-pipeline"
2025-10-06 12:04:00,011 - __main__ - INFO - Pipeline saved: [cisco_ios.json] = "filebeat-8.14.0-cisco-ios-pipeline"
2025-10-06 12:04:00,013 - __main__ - INFO - Pipeline saved: [cef_log.json] = "filebeat-8.14.0-cef-log-pipeline"
2025-10-06 12:04:00,014 - __main__ - INFO - Pipeline saved: [filebeat_8_14_0_elasticsearch_deprecation_pipeline_json.json] = "filebeat-8.14.0-elasticsearch-deprecation-pipeline-json"
2025-10-06 12:04:00,020 - __main__ - INFO - Pipeline saved: [salesforce_apex.json] = "filebeat-8.14.0-salesforce-apex-pipeline"
2025-10-06 12:04:00,022 - __main__ - INFO - Pipeline saved: [filebeat_8_14_0_mongodb_log_pipeline_json.json] = "filebeat-8.14.0-mongodb-log-pipeline-json"
2025-10-06 12:04:00,028 - __main__ - INFO - Pipeline saved: [cisco_ftd_asa_ftd.json] = "filebeat-8.14.0-cisco-ftd-asa-ftd-pipeline"
2025-10-06 12:04:00,029 - __main__ - INFO - Pipeline saved: [azure_auditlogs.json] = "filebeat-8.14.0-azure-auditlogs-pipeline"
2025-10-06 12:04:00,031 - __main__ - INFO - Pipeline saved: [oracle_database_audit.json] = "filebeat-8.14.0-oracle-database_audit-pipeline"
2025-10-06 12:04:00,036 - __main__ - INFO - Pipeline saved: [cisco_asa_asa_ftd.json] = "filebeat-8.14.0-cisco-asa-asa-ftd-pipeline"
2025-10-06 12:04:00,037 - __main__ - INFO - Pipeline saved: [filebeat_8_14_0_google_workspace_saml_common.json] = "filebeat-8.14.0-google_workspace-saml-common"
2025-10-06 12:04:00,037 - __main__ - INFO - Pipeline saved: [ibmmq_errorlog.json] = "filebeat-8.14.0-ibmmq-errorlog-pipeline"
2025-10-06 12:04:00,038 - __main__ - INFO - Pipeline saved: [logs_endpoint_events_api_8_14_0.json] = "logs-endpoint.events.api-8.14.0"
2025-10-06 12:04:00,039 - __main__ - INFO - Pipeline saved: [threatintel_anomalithreatstream.json] = "filebeat-8.14.0-threatintel-anomalithreatstream-pipeline"
2025-10-06 12:04:00,039 - __main__ - INFO - Pipeline saved: [metrics_endpoint_metadata_8_14_0.json] = "metrics-endpoint.metadata-8.14.0"
2025-10-06 12:04:00,040 - __main__ - INFO - Pipeline saved: [filebeat_8_14_0_elasticsearch_deprecation_pipeline_plaintext.json] = "filebeat-8.14.0-elasticsearch-deprecation-pipeline-plaintext"
2025-10-06 12:04:00,041 - __main__ - INFO - Pipeline saved: [zeek_ntp.json] = "filebeat-8.14.0-zeek-ntp-pipeline"
2025-10-06 12:04:00,042 - __main__ - INFO - Pipeline saved: [threatintel_misp.json] = "filebeat-8.14.0-threatintel-misp-pipeline"
2025-10-06 12:04:00,042 - __main__ - INFO - Pipeline saved: [mysql_slowlog.json] = "filebeat-8.14.0-mysql-slowlog-pipeline"
2025-10-06 12:04:00,043 - __main__ - INFO - Pipeline saved: [kibana_log.json] = "filebeat-8.14.0-kibana-log-pipeline"
2025-10-06 12:04:00,043 - __main__ - INFO - Pipeline saved: [zeek_syslog.json] = "filebeat-8.14.0-zeek-syslog-pipeline"
2025-10-06 12:04:00,045 - __main__ - INFO - Pipeline saved: [cisco_amp.json] = "filebeat-8.14.0-cisco-amp-pipeline"
2025-10-06 12:04:00,045 - __main__ - INFO - Pipeline export completed: 256 saved, 0 failed
2025-10-06 12:04:00,045 - __main__ - INFO - Pipeline export completed successfully
